<?xml version="1.0" encoding="UTF-8"?>
<!-- Generated by org.testng.reporters.JUnitXMLReporter -->
<testsuite ignored="0" hostname="LAPTOP-4CU33POQ" failures="0" tests="5" name="Default test" time="12.622" errors="0" timestamp="2023-02-07T21:53:00 EST">
  <testcase classname="com.facebook23_loginTestWithPageFactory.PageFactoryRegistrationTest" name="hello" time="0.007"/>
  <testcase classname="com.facebook23_loginTestWithPageFactory.PageFactoryRegistrationTest" name="signupNewAccount" time="0.974"/>
  <testcase classname="com.facebook23_loginTestWithPageFactory.PageFactoryRegistrationTest" name="signupNewAccount1" time="0.988"/>
  <testcase classname="com.facebook23_loginTestWithPageFactory.PageFactoryRegistrationTest" name="regressionSignupNewAccount" time="0.819"/>
  <testcase classname="com.facebook23_loginTestWithPageFactory.PageFactoryRegistrationTest" name="regressionSignupNewAccount1" time="1.005"/>
</testsuite> <!-- Default test -->
