<?xml version="1.0" encoding="UTF-8"?>
<!-- Generated by org.testng.reporters.JUnitXMLReporter -->
<testsuite ignored="0" hostname="LAPTOP-4CU33POQ" failures="0" tests="5" name="Test" time="13.377" errors="0" timestamp="2023-02-10T07:45:12 EST">
  <testcase classname="com.facebook23_loginTestWithPageFactory.PageFactoryRegistrationTest" name="hello" time="0.005"/>
  <testcase classname="com.facebook23_loginTestWithPageFactory.PageFactoryRegistrationTest" name="regressionSignupNewAccount" time="0.873"/>
  <testcase classname="com.facebook23_loginTestWithPageFactory.PageFactoryRegistrationTest" name="regressionSignupNewAccount1" time="0.873"/>
  <testcase classname="com.facebook23_loginTestWithPageFactory.PageFactoryRegistrationTest" name="signupNewAccount" time="0.908"/>
  <testcase classname="com.facebook23_loginTestWithPageFactory.PageFactoryRegistrationTest" name="signupNewAccount1" time="1.082"/>
</testsuite> <!-- Test -->
