<?xml version="1.0" encoding="UTF-8"?>
<!-- Generated by org.testng.reporters.JUnitXMLReporter -->
<testsuite ignored="0" hostname="LAPTOP-4CU33POQ" failures="0" tests="3" name="Test1" time="5.793" errors="0" timestamp="2023-02-10T07:45:18 EST">
  <testcase classname="com.facebook23_loginTestWithPageFactory.PageFactoryLoginTest" name="doLoginTest" time="0.14"/>
  <testcase classname="com.facebook23_loginTestWithPageFactory.PageFactoryLoginTest" name="validPasswordTest" time="0.124"/>
  <testcase classname="com.facebook23_loginTestWithPageFactory.PageFactoryLoginTest" name="validUserNameTest" time="0.125"/>
</testsuite> <!-- Test1 -->
