<?xml version="1.0" encoding="UTF-8"?>
<testng-results ignored="0" total="5" passed="5" failed="0" skipped="0">
  <reporter-output>
  </reporter-output>
  <suite started-at="2023-02-07T21:52:47 EST" name="Default suite" finished-at="2023-02-07T21:53:00 EST" duration-ms="12622">
    <groups>
    </groups>
    <test started-at="2023-02-07T21:52:47 EST" name="Default test" finished-at="2023-02-07T21:53:00 EST" duration-ms="12622">
      <class name="com.facebook23_loginTestWithPageFactory.PageFactoryRegistrationTest">
        <test-method is-config="true" signature="init()[pri:0, instance:com.facebook23_loginTestWithPageFactory.PageFactoryRegistrationTest@2d7275fc]" started-at="2023-02-07T21:52:47 EST" name="init" finished-at="2023-02-07T21:52:49 EST" duration-ms="2227" status="PASS">
          <reporter-output>
          </reporter-output>
        </test-method> <!-- init -->
        <test-method signature="hello()[pri:0, instance:com.facebook23_loginTestWithPageFactory.PageFactoryRegistrationTest@2d7275fc]" started-at="2023-02-07T21:52:49 EST" name="hello" finished-at="2023-02-07T21:52:49 EST" duration-ms="7" status="PASS">
          <reporter-output>
          </reporter-output>
        </test-method> <!-- hello -->
        <test-method is-config="true" signature="closeApp()[pri:0, instance:com.facebook23_loginTestWithPageFactory.PageFactoryRegistrationTest@2d7275fc]" started-at="2023-02-07T21:52:49 EST" name="closeApp" finished-at="2023-02-07T21:52:49 EST" duration-ms="118" status="PASS">
          <reporter-output>
          </reporter-output>
        </test-method> <!-- closeApp -->
        <test-method is-config="true" signature="init()[pri:0, instance:com.facebook23_loginTestWithPageFactory.PageFactoryRegistrationTest@2d7275fc]" started-at="2023-02-07T21:52:49 EST" name="init" finished-at="2023-02-07T21:52:51 EST" duration-ms="1450" status="PASS">
          <reporter-output>
          </reporter-output>
        </test-method> <!-- init -->
        <test-method signature="signupNewAccount()[pri:1, instance:com.facebook23_loginTestWithPageFactory.PageFactoryRegistrationTest@2d7275fc]" started-at="2023-02-07T21:52:51 EST" name="signupNewAccount" finished-at="2023-02-07T21:52:52 EST" duration-ms="974" status="PASS">
          <reporter-output>
          </reporter-output>
        </test-method> <!-- signupNewAccount -->
        <test-method is-config="true" signature="closeApp()[pri:0, instance:com.facebook23_loginTestWithPageFactory.PageFactoryRegistrationTest@2d7275fc]" started-at="2023-02-07T21:52:52 EST" name="closeApp" finished-at="2023-02-07T21:52:52 EST" duration-ms="126" status="PASS">
          <reporter-output>
          </reporter-output>
        </test-method> <!-- closeApp -->
        <test-method is-config="true" signature="init()[pri:0, instance:com.facebook23_loginTestWithPageFactory.PageFactoryRegistrationTest@2d7275fc]" started-at="2023-02-07T21:52:52 EST" name="init" finished-at="2023-02-07T21:52:53 EST" duration-ms="1503" status="PASS">
          <reporter-output>
          </reporter-output>
        </test-method> <!-- init -->
        <test-method signature="signupNewAccount1()[pri:2, instance:com.facebook23_loginTestWithPageFactory.PageFactoryRegistrationTest@2d7275fc]" started-at="2023-02-07T21:52:53 EST" name="signupNewAccount1" finished-at="2023-02-07T21:52:54 EST" duration-ms="988" status="PASS">
          <reporter-output>
          </reporter-output>
        </test-method> <!-- signupNewAccount1 -->
        <test-method is-config="true" signature="closeApp()[pri:0, instance:com.facebook23_loginTestWithPageFactory.PageFactoryRegistrationTest@2d7275fc]" started-at="2023-02-07T21:52:54 EST" name="closeApp" finished-at="2023-02-07T21:52:55 EST" duration-ms="118" status="PASS">
          <reporter-output>
          </reporter-output>
        </test-method> <!-- closeApp -->
        <test-method is-config="true" signature="init()[pri:0, instance:com.facebook23_loginTestWithPageFactory.PageFactoryRegistrationTest@2d7275fc]" started-at="2023-02-07T21:52:55 EST" name="init" finished-at="2023-02-07T21:52:56 EST" duration-ms="1535" status="PASS">
          <reporter-output>
          </reporter-output>
        </test-method> <!-- init -->
        <test-method signature="regressionSignupNewAccount()[pri:3, instance:com.facebook23_loginTestWithPageFactory.PageFactoryRegistrationTest@2d7275fc]" started-at="2023-02-07T21:52:56 EST" name="regressionSignupNewAccount" finished-at="2023-02-07T21:52:57 EST" duration-ms="819" status="PASS">
          <reporter-output>
          </reporter-output>
        </test-method> <!-- regressionSignupNewAccount -->
        <test-method is-config="true" signature="closeApp()[pri:0, instance:com.facebook23_loginTestWithPageFactory.PageFactoryRegistrationTest@2d7275fc]" started-at="2023-02-07T21:52:57 EST" name="closeApp" finished-at="2023-02-07T21:52:57 EST" duration-ms="112" status="PASS">
          <reporter-output>
          </reporter-output>
        </test-method> <!-- closeApp -->
        <test-method is-config="true" signature="init()[pri:0, instance:com.facebook23_loginTestWithPageFactory.PageFactoryRegistrationTest@2d7275fc]" started-at="2023-02-07T21:52:57 EST" name="init" finished-at="2023-02-07T21:52:59 EST" duration-ms="1475" status="PASS">
          <reporter-output>
          </reporter-output>
        </test-method> <!-- init -->
        <test-method signature="regressionSignupNewAccount1()[pri:4, instance:com.facebook23_loginTestWithPageFactory.PageFactoryRegistrationTest@2d7275fc]" started-at="2023-02-07T21:52:59 EST" name="regressionSignupNewAccount1" finished-at="2023-02-07T21:53:00 EST" duration-ms="1005" status="PASS">
          <reporter-output>
          </reporter-output>
        </test-method> <!-- regressionSignupNewAccount1 -->
        <test-method is-config="true" signature="closeApp()[pri:0, instance:com.facebook23_loginTestWithPageFactory.PageFactoryRegistrationTest@2d7275fc]" started-at="2023-02-07T21:53:00 EST" name="closeApp" finished-at="2023-02-07T21:53:00 EST" duration-ms="127" status="PASS">
          <reporter-output>
          </reporter-output>
        </test-method> <!-- closeApp -->
      </class> <!-- com.facebook23_loginTestWithPageFactory.PageFactoryRegistrationTest -->
    </test> <!-- Default test -->
  </suite> <!-- Default suite -->
</testng-results>
