<?xml version="1.0" encoding="UTF-8"?>
<testng-results ignored="0" total="8" passed="8" failed="0" skipped="0">
  <reporter-output>
  </reporter-output>
  <suite started-at="2023-02-10T07:44:58 EST" name="Suite" finished-at="2023-02-10T07:45:18 EST" duration-ms="19199">
    <groups>
    </groups>
    <test started-at="2023-02-10T07:44:58 EST" name="Test" finished-at="2023-02-10T07:45:12 EST" duration-ms="13377">
      <class name="com.facebook23_loginTestWithPageFactory.PageFactoryRegistrationTest">
        <test-method is-config="true" signature="init()[pri:0, instance:com.facebook23_loginTestWithPageFactory.PageFactoryRegistrationTest@478190fc]" started-at="2023-02-10T07:44:58 EST" name="init" finished-at="2023-02-10T07:45:01 EST" duration-ms="2174" status="PASS">
          <reporter-output>
          </reporter-output>
        </test-method> <!-- init -->
        <test-method signature="hello()[pri:0, instance:com.facebook23_loginTestWithPageFactory.PageFactoryRegistrationTest@478190fc]" started-at="2023-02-10T07:45:01 EST" name="hello" finished-at="2023-02-10T07:45:01 EST" duration-ms="5" status="PASS">
          <reporter-output>
          </reporter-output>
        </test-method> <!-- hello -->
        <test-method is-config="true" signature="closeApp()[pri:0, instance:com.facebook23_loginTestWithPageFactory.PageFactoryRegistrationTest@478190fc]" started-at="2023-02-10T07:45:01 EST" name="closeApp" finished-at="2023-02-10T07:45:01 EST" duration-ms="119" status="PASS">
          <reporter-output>
          </reporter-output>
        </test-method> <!-- closeApp -->
        <test-method is-config="true" signature="init()[pri:0, instance:com.facebook23_loginTestWithPageFactory.PageFactoryRegistrationTest@478190fc]" started-at="2023-02-10T07:45:01 EST" name="init" finished-at="2023-02-10T07:45:03 EST" duration-ms="1755" status="PASS">
          <reporter-output>
          </reporter-output>
        </test-method> <!-- init -->
        <test-method signature="regressionSignupNewAccount()[pri:0, instance:com.facebook23_loginTestWithPageFactory.PageFactoryRegistrationTest@478190fc]" started-at="2023-02-10T07:45:03 EST" name="regressionSignupNewAccount" finished-at="2023-02-10T07:45:03 EST" duration-ms="873" status="PASS">
          <reporter-output>
          </reporter-output>
        </test-method> <!-- regressionSignupNewAccount -->
        <test-method is-config="true" signature="closeApp()[pri:0, instance:com.facebook23_loginTestWithPageFactory.PageFactoryRegistrationTest@478190fc]" started-at="2023-02-10T07:45:03 EST" name="closeApp" finished-at="2023-02-10T07:45:04 EST" duration-ms="122" status="PASS">
          <reporter-output>
          </reporter-output>
        </test-method> <!-- closeApp -->
        <test-method is-config="true" signature="init()[pri:0, instance:com.facebook23_loginTestWithPageFactory.PageFactoryRegistrationTest@478190fc]" started-at="2023-02-10T07:45:04 EST" name="init" finished-at="2023-02-10T07:45:05 EST" duration-ms="1596" status="PASS">
          <reporter-output>
          </reporter-output>
        </test-method> <!-- init -->
        <test-method signature="regressionSignupNewAccount1()[pri:0, instance:com.facebook23_loginTestWithPageFactory.PageFactoryRegistrationTest@478190fc]" started-at="2023-02-10T07:45:05 EST" name="regressionSignupNewAccount1" finished-at="2023-02-10T07:45:06 EST" duration-ms="873" status="PASS">
          <reporter-output>
          </reporter-output>
        </test-method> <!-- regressionSignupNewAccount1 -->
        <test-method is-config="true" signature="closeApp()[pri:0, instance:com.facebook23_loginTestWithPageFactory.PageFactoryRegistrationTest@478190fc]" started-at="2023-02-10T07:45:06 EST" name="closeApp" finished-at="2023-02-10T07:45:06 EST" duration-ms="122" status="PASS">
          <reporter-output>
          </reporter-output>
        </test-method> <!-- closeApp -->
        <test-method is-config="true" signature="init()[pri:0, instance:com.facebook23_loginTestWithPageFactory.PageFactoryRegistrationTest@478190fc]" started-at="2023-02-10T07:45:06 EST" name="init" finished-at="2023-02-10T07:45:08 EST" duration-ms="1518" status="PASS">
          <reporter-output>
          </reporter-output>
        </test-method> <!-- init -->
        <test-method signature="signupNewAccount()[pri:0, instance:com.facebook23_loginTestWithPageFactory.PageFactoryRegistrationTest@478190fc]" started-at="2023-02-10T07:45:08 EST" name="signupNewAccount" finished-at="2023-02-10T07:45:09 EST" duration-ms="908" status="PASS">
          <reporter-output>
          </reporter-output>
        </test-method> <!-- signupNewAccount -->
        <test-method is-config="true" signature="closeApp()[pri:0, instance:com.facebook23_loginTestWithPageFactory.PageFactoryRegistrationTest@478190fc]" started-at="2023-02-10T07:45:09 EST" name="closeApp" finished-at="2023-02-10T07:45:09 EST" duration-ms="75" status="PASS">
          <reporter-output>
          </reporter-output>
        </test-method> <!-- closeApp -->
        <test-method is-config="true" signature="init()[pri:0, instance:com.facebook23_loginTestWithPageFactory.PageFactoryRegistrationTest@478190fc]" started-at="2023-02-10T07:45:09 EST" name="init" finished-at="2023-02-10T07:45:11 EST" duration-ms="1999" status="PASS">
          <reporter-output>
          </reporter-output>
        </test-method> <!-- init -->
        <test-method signature="signupNewAccount1()[pri:0, instance:com.facebook23_loginTestWithPageFactory.PageFactoryRegistrationTest@478190fc]" started-at="2023-02-10T07:45:11 EST" name="signupNewAccount1" finished-at="2023-02-10T07:45:12 EST" duration-ms="1082" status="PASS">
          <reporter-output>
          </reporter-output>
        </test-method> <!-- signupNewAccount1 -->
        <test-method is-config="true" signature="closeApp()[pri:0, instance:com.facebook23_loginTestWithPageFactory.PageFactoryRegistrationTest@478190fc]" started-at="2023-02-10T07:45:12 EST" name="closeApp" finished-at="2023-02-10T07:45:12 EST" duration-ms="120" status="PASS">
          <reporter-output>
          </reporter-output>
        </test-method> <!-- closeApp -->
      </class> <!-- com.facebook23_loginTestWithPageFactory.PageFactoryRegistrationTest -->
    </test> <!-- Test -->
    <test started-at="2023-02-10T07:45:12 EST" name="Test1" finished-at="2023-02-10T07:45:18 EST" duration-ms="5793">
      <class name="com.facebook23_loginTestWithPageFactory.PageFactoryLoginTest">
        <test-method is-config="true" signature="openApp()[pri:0, instance:com.facebook23_loginTestWithPageFactory.PageFactoryLoginTest@411f53a0]" started-at="2023-02-10T07:45:12 EST" name="openApp" finished-at="2023-02-10T07:45:13 EST" duration-ms="1612" status="PASS">
          <reporter-output>
          </reporter-output>
        </test-method> <!-- openApp -->
        <test-method signature="doLoginTest()[pri:0, instance:com.facebook23_loginTestWithPageFactory.PageFactoryLoginTest@411f53a0]" started-at="2023-02-10T07:45:13 EST" name="doLoginTest" finished-at="2023-02-10T07:45:14 EST" duration-ms="140" status="PASS">
          <reporter-output>
          </reporter-output>
        </test-method> <!-- doLoginTest -->
        <test-method is-config="true" signature="closeApp()[pri:0, instance:com.facebook23_loginTestWithPageFactory.PageFactoryLoginTest@411f53a0]" started-at="2023-02-10T07:45:14 EST" name="closeApp" finished-at="2023-02-10T07:45:14 EST" duration-ms="115" status="PASS">
          <reporter-output>
          </reporter-output>
        </test-method> <!-- closeApp -->
        <test-method is-config="true" signature="openApp()[pri:0, instance:com.facebook23_loginTestWithPageFactory.PageFactoryLoginTest@411f53a0]" started-at="2023-02-10T07:45:14 EST" name="openApp" finished-at="2023-02-10T07:45:16 EST" duration-ms="1814" status="PASS">
          <reporter-output>
          </reporter-output>
        </test-method> <!-- openApp -->
        <test-method signature="validPasswordTest()[pri:0, instance:com.facebook23_loginTestWithPageFactory.PageFactoryLoginTest@411f53a0]" started-at="2023-02-10T07:45:16 EST" name="validPasswordTest" finished-at="2023-02-10T07:45:16 EST" duration-ms="124" status="PASS">
          <reporter-output>
          </reporter-output>
        </test-method> <!-- validPasswordTest -->
        <test-method is-config="true" signature="closeApp()[pri:0, instance:com.facebook23_loginTestWithPageFactory.PageFactoryLoginTest@411f53a0]" started-at="2023-02-10T07:45:16 EST" name="closeApp" finished-at="2023-02-10T07:45:16 EST" duration-ms="116" status="PASS">
          <reporter-output>
          </reporter-output>
        </test-method> <!-- closeApp -->
        <test-method is-config="true" signature="openApp()[pri:0, instance:com.facebook23_loginTestWithPageFactory.PageFactoryLoginTest@411f53a0]" started-at="2023-02-10T07:45:16 EST" name="openApp" finished-at="2023-02-10T07:45:17 EST" duration-ms="1623" status="PASS">
          <reporter-output>
          </reporter-output>
        </test-method> <!-- openApp -->
        <test-method signature="validUserNameTest()[pri:0, instance:com.facebook23_loginTestWithPageFactory.PageFactoryLoginTest@411f53a0]" started-at="2023-02-10T07:45:17 EST" name="validUserNameTest" finished-at="2023-02-10T07:45:18 EST" duration-ms="125" status="PASS">
          <reporter-output>
          </reporter-output>
        </test-method> <!-- validUserNameTest -->
        <test-method is-config="true" signature="closeApp()[pri:0, instance:com.facebook23_loginTestWithPageFactory.PageFactoryLoginTest@411f53a0]" started-at="2023-02-10T07:45:18 EST" name="closeApp" finished-at="2023-02-10T07:45:18 EST" duration-ms="116" status="PASS">
          <reporter-output>
          </reporter-output>
        </test-method> <!-- closeApp -->
      </class> <!-- com.facebook23_loginTestWithPageFactory.PageFactoryLoginTest -->
    </test> <!-- Test1 -->
  </suite> <!-- Suite -->
</testng-results>
